shard_size = 0 shard_count = 0
Seeding random numbers with system clock 
name: case value: true
Data::m_score_type BLEU
Data::Scorer type from Scorer: BLEU
Loading Data from: run1.scores.dat and run1.features.dat
loading feature data from run1.features.dat
loading score data from run1.scores.dat
Loading Data from: run2.scores.dat and run2.features.dat
loading feature data from run2.features.dat
loading score data from run2.scores.dat
Loading Data from: run3.scores.dat and run3.features.dat
loading feature data from run3.features.dat
loading score data from run3.scores.dat
Loading Data from: run4.scores.dat and run4.features.dat
loading feature data from run4.features.dat
loading score data from run4.scores.dat
Loading Data from: run5.scores.dat and run5.features.dat
loading feature data from run5.features.dat
loading score data from run5.scores.dat
Loading Data from: run6.scores.dat and run6.features.dat
loading feature data from run6.features.dat
loading score data from run6.scores.dat
Loading Data from: run7.scores.dat and run7.features.dat
loading feature data from run7.features.dat
loading score data from run7.scores.dat
Loading Data from: run8.scores.dat and run8.features.dat
loading feature data from run8.features.dat
loading score data from run8.scores.dat
Loading Data from: run9.scores.dat and run9.features.dat
loading feature data from run9.features.dat
loading score data from run9.scores.dat
Loading Data from: run10.scores.dat and run10.features.dat
loading feature data from run10.features.dat
loading score data from run10.scores.dat
Loading Data from: run11.scores.dat and run11.features.dat
loading feature data from run11.features.dat
loading score data from run11.scores.dat
Data loaded : [Wall 2.21775 CPU 2.21136] seconds.
Creating a pool of 1 threads
Best point: 0.0394261 -0.0305345 0.0784688 0.0467527 0.0321889 0.0475547 0.0186556 0.100391 -0.281071 0.121091 0.0222766 0.049816 0.0846395 0.0471334  => 0.108922
Stopping... : [Wall 185.784 CPU 185.086] seconds.
