shard_size = 0 shard_count = 0
Seeding random numbers with system clock 
name: case value: true
Data::m_score_type BLEU
Data::Scorer type from Scorer: BLEU
Loading Data from: run1.scores.dat and run1.features.dat
loading feature data from run1.features.dat
loading score data from run1.scores.dat
Loading Data from: run2.scores.dat and run2.features.dat
loading feature data from run2.features.dat
loading score data from run2.scores.dat
Loading Data from: run3.scores.dat and run3.features.dat
loading feature data from run3.features.dat
loading score data from run3.scores.dat
Loading Data from: run4.scores.dat and run4.features.dat
loading feature data from run4.features.dat
loading score data from run4.scores.dat
Data loaded : [Wall 1.57669 CPU 0.785704] seconds.
Creating a pool of 1 threads
Best point: 0.0953977 0.0560847 0.100029 0.0736999 0.00681587 0.0137983 0.00805173 0.121243 -0.325619 0.0245896 0.0515979 0.0243984 0.030575 0.0681001  => 0.105637
Stopping... : [Wall 179.126 CPU 87.7262] seconds.
