shard_size = 0 shard_count = 0
Seeding random numbers with system clock 
name: case value: true
Data::m_score_type BLEU
Data::Scorer type from Scorer: BLEU
Loading Data from: run1.scores.dat and run1.features.dat
loading feature data from run1.features.dat
loading score data from run1.scores.dat
Loading Data from: run2.scores.dat and run2.features.dat
loading feature data from run2.features.dat
loading score data from run2.scores.dat
Loading Data from: run3.scores.dat and run3.features.dat
loading feature data from run3.features.dat
loading score data from run3.scores.dat
Loading Data from: run4.scores.dat and run4.features.dat
loading feature data from run4.features.dat
loading score data from run4.scores.dat
Loading Data from: run5.scores.dat and run5.features.dat
loading feature data from run5.features.dat
loading score data from run5.scores.dat
Data loaded : [Wall 1.18051 CPU 1.17592] seconds.
Creating a pool of 1 threads
Best point: 0.0693198 0.0767491 0.0721375 0.0883975 0.00616971 0.0823641 0.0231153 0.0898682 -0.28903 0.0500001 0.0256255 0.0320145 0.030169 0.06504  => 0.106542
Stopping... : [Wall 106.924 CPU 106.429] seconds.
